<?xml version="1.0" encoding="UTF-8"?>
<testsuite xmlns:xsi="http://www.w3.org/2001/XMLSchema-instance" xsi:noNamespaceSchemaLocation="https://maven.apache.org/surefire/maven-surefire-plugin/xsd/surefire-test-report.xsd" version="3.0.2" name="com.skyblockexp.lifesteal.seasons.command.framework.CommandFrameworkUnitTest" time="0.03" tests="11" errors="0" skipped="0" failures="0">
  <properties>
[...]
</properties>
  <testcase name="tabCompleteReturnsEmptyForNoArguments" classname="com.skyblockexp.lifesteal.seasons.command.framework.CommandFrameworkUnitTest" time="0.003"/>
  <testcase name="executeDelegatesToMatchingSubcommandWithRemainingArguments" classname="com.skyblockexp.lifesteal.seasons.command.framework.CommandFrameworkUnitTest" time="0.003"/>
  <testcase name="tabCompleteReturnsEmptyWhenUnknownSubcommandIsRequestedWithAdditionalTokens" classname="com.skyblockexp.lifesteal.seasons.command.framework.CommandFrameworkUnitTest" time="0.001"/>
  <testcase name="baseSubcommandTabCompleteReturnsEmptyList" classname="com.skyblockexp.lifesteal.seasons.command.framework.CommandFrameworkUnitTest" time="0.002"/>
  <testcase name="subcommandWithoutAliasesReturnsOnlyPrimaryName" classname="com.skyblockexp.lifesteal.seasons.command.framework.CommandFrameworkUnitTest" time="0.002"/>
  <testcase name="tabCompleteReturnsMatchingSubcommandNamesForFirstToken" classname="com.skyblockexp.lifesteal.seasons.command.framework.CommandFrameworkUnitTest" time="0.001"/>
  <testcase name="subcommandNamesAndFilterRespectAliasesAndPrefixMatching" classname="com.skyblockexp.lifesteal.seasons.command.framework.CommandFrameworkUnitTest" time="0.003"/>
  <testcase name="tabCompleteDelegatesToMatchingSubcommandForAdditionalTokens" classname="com.skyblockexp.lifesteal.seasons.command.framework.CommandFrameworkUnitTest" time="0.001"/>
  <testcase name="executeCallsDefaultWhenNoArgumentsAreProvided" classname="com.skyblockexp.lifesteal.seasons.command.framework.CommandFrameworkUnitTest" time="0.002"/>
  <testcase name="commandNameAndSubcommandSnapshotAreExposed" classname="com.skyblockexp.lifesteal.seasons.command.framework.CommandFrameworkUnitTest" time="0.001"/>
  <testcase name="executeCallsUnknownHandlerWhenSubcommandDoesNotExist" classname="com.skyblockexp.lifesteal.seasons.command.framework.CommandFrameworkUnitTest" time="0.001"/>
</testsuite>